z:\cs553\samplew\debug\sample.obj
z:\cs553\samplew\debug\vc100.pdb
z:\cs553~1\samplew\debug\sample.obj
z:\cs553~1\samplew\debug\vc100.pdb
k:\cs550\sample\debug\sample.obj
k:\cs550\sample\debug\vc100.pdb
k:\cs550\samplefreeglut\debug\sample.obj
k:\cs550\samplefreeglut\debug\vc100.pdb
z:\cs553\samplew\debug\sample.exe
z:\cs553\samplew\debug\sample.exe.intermediate.manifest
z:\cs553\samplew\debug\sample.pdb
z:\cs553~1\samplew\debug\sample.exe
z:\cs553~1\samplew\debug\sample.exe.intermediate.manifest
z:\cs553~1\samplew\debug\sample.pdb
k:\cs550\sample\debug\sample.exe
k:\cs550\sample\debug\sample.exe.intermediate.manifest
k:\cs550\sample\debug\sample.pdb
k:\cs550\samplefreeglut\debug\sample.pdb
k:\cs550\samplefreeglut\debug\sample.exe
c:\src\cs-450\final_project\debug\vc141.pdb
c:\src\cs-450\final_project\debug\vc141.idb
c:\src\cs-450\final_project\debug\sample.obj
c:\src\cs-450\final_project\debug\room.obj
c:\src\cs-450\final_project\debug\sample.exe
c:\src\cs-450\final_project\debug\sample.pdb
c:\src\cs-450\final_project\debug\sample.vcxprojresolveassemblyreference.cache
c:\src\cs-450\final_project\debug\cl.command.1.tlog
c:\src\cs-450\final_project\debug\cl.read.1.tlog
c:\src\cs-450\final_project\debug\cl.write.1.tlog
c:\src\cs-450\final_project\debug\link.command.1.tlog
c:\src\cs-450\final_project\debug\link.read.1.tlog
c:\src\cs-450\final_project\debug\link.write.1.tlog
c:\src\cs-450\final_project\debug\mt.command.1.tlog
c:\src\cs-450\final_project\debug\mt.read.1.tlog
c:\src\cs-450\final_project\debug\mt.write.1.tlog
c:\src\cs-450\final_project\debug\sample.write.1.tlog
c:\src\cs-450\final_project\debug\vc120.idb
c:\src\cs-450\final_project\debug\vc140.idb
c:\src\cs-450\final_project\debug\vc120.pdb
c:\src\cs-450\final_project\debug\vc140.pdb
c:\src\cs-450\final_project\.\debug\sample.exe
c:\src\cs-450\final_project\debug\sample.tlog\cl.command.1.tlog
c:\src\cs-450\final_project\debug\sample.tlog\cl.read.1.tlog
c:\src\cs-450\final_project\debug\sample.tlog\cl.write.1.tlog
c:\src\cs-450\final_project\debug\sample.tlog\link.command.1.tlog
c:\src\cs-450\final_project\debug\sample.tlog\link.read.1.tlog
c:\src\cs-450\final_project\debug\sample.tlog\link.write.1.tlog
